<?xml version="1.0" encoding="UTF-8"?>
<!-- Generated by org.testng.reporters.JUnitXMLReporter -->
<testsuite ignored="0" hostname="ASUS_F15" failures="0" tests="6" name="Default test" time="44.317" errors="0" timestamp="2023-06-12T21:28:46 NPT">
  <testcase classname="Broadways_Project.main" name="login" time="0.894"/>
  <testcase classname="Broadways_Project.main" name="adminManagement" time="11.57"/>
  <testcase classname="Broadways_Project.main" name="search_user" time="0.123"/>
  <testcase classname="Broadways_Project.main" name="add_employee" time="4.128"/>
  <testcase classname="Broadways_Project.main" name="recruiment" time="14.81"/>
  <testcase classname="Broadways_Project.main" name="search_added_vacancy" time="12.76"/>
</testsuite> <!-- Default test -->
