<?xml version="1.0" encoding="UTF-8"?>
<testng-results ignored="0" total="6" passed="6" failed="0" skipped="0">
  <reporter-output>
  </reporter-output>
  <suite started-at="2023-06-12T21:28:02 NPT" name="Default suite" finished-at="2023-06-12T21:28:46 NPT" duration-ms="44317">
    <groups>
    </groups>
    <test started-at="2023-06-12T21:28:02 NPT" name="Default test" finished-at="2023-06-12T21:28:46 NPT" duration-ms="44317">
      <class name="Broadways_Project.main">
        <test-method is-config="true" signature="openbrowser()[pri:0, instance:Broadways_Project.main@58d75e99]" started-at="2023-06-12T21:27:47 NPT" name="openbrowser" finished-at="2023-06-12T21:28:02 NPT" duration-ms="14560" status="PASS">
          <reporter-output>
          </reporter-output>
        </test-method> <!-- openbrowser -->
        <test-method signature="login()[pri:1, instance:Broadways_Project.main@58d75e99]" started-at="2023-06-12T21:28:02 NPT" name="login" finished-at="2023-06-12T21:28:03 NPT" duration-ms="894" status="PASS">
          <reporter-output>
          </reporter-output>
        </test-method> <!-- login -->
        <test-method signature="adminManagement()[pri:2, instance:Broadways_Project.main@58d75e99]" started-at="2023-06-12T21:28:03 NPT" name="adminManagement" finished-at="2023-06-12T21:28:14 NPT" duration-ms="11570" status="PASS">
          <reporter-output>
          </reporter-output>
        </test-method> <!-- adminManagement -->
        <test-method signature="search_user()[pri:3, instance:Broadways_Project.main@58d75e99]" started-at="2023-06-12T21:28:14 NPT" name="search_user" finished-at="2023-06-12T21:28:14 NPT" duration-ms="123" status="PASS">
          <reporter-output>
          </reporter-output>
        </test-method> <!-- search_user -->
        <test-method signature="add_employee()[pri:4, instance:Broadways_Project.main@58d75e99]" started-at="2023-06-12T21:28:14 NPT" name="add_employee" finished-at="2023-06-12T21:28:18 NPT" duration-ms="4128" status="PASS">
          <reporter-output>
          </reporter-output>
        </test-method> <!-- add_employee -->
        <test-method signature="recruiment()[pri:5, instance:Broadways_Project.main@58d75e99]" started-at="2023-06-12T21:28:18 NPT" name="recruiment" finished-at="2023-06-12T21:28:33 NPT" duration-ms="14810" status="PASS">
          <reporter-output>
          </reporter-output>
        </test-method> <!-- recruiment -->
        <test-method signature="search_added_vacancy()[pri:6, instance:Broadways_Project.main@58d75e99]" started-at="2023-06-12T21:28:33 NPT" name="search_added_vacancy" finished-at="2023-06-12T21:28:46 NPT" duration-ms="12760" status="PASS">
          <reporter-output>
          </reporter-output>
        </test-method> <!-- search_added_vacancy -->
        <test-method is-config="true" signature="closebrowser()[pri:0, instance:Broadways_Project.main@58d75e99]" started-at="2023-06-12T21:28:46 NPT" name="closebrowser" finished-at="2023-06-12T21:28:46 NPT" duration-ms="157" status="PASS">
          <reporter-output>
          </reporter-output>
        </test-method> <!-- closebrowser -->
      </class> <!-- Broadways_Project.main -->
    </test> <!-- Default test -->
  </suite> <!-- Default suite -->
</testng-results>
